[   0..00000] nitilizig cgoup subsys cpuset
[    0.000000] Initializing cgroup subsys cpu
[    0.000000] Initializing cgroup subsys cpuacct
[    0.00000] Lnux ersin 4..0-16-geeric (uildd@lgw01-amd4-02) (gc vesin 5..0 2160009(Ubuntu 5.4.0-6ubuntu1~16.04.9) ) #140-Ubuntu SMP Mon Feb 12 21:22:43 UTC 2018 (Ubuntu 4.4.0-116.140-generic .4.98)
[    0.000000] KERNEL supported cpus:
[   0.00000]  IntelGenuneInel
    .00000]  AMDAuthenicAM
[   0.00000]  NS Geode by SC
[    0.000000]   Cyrix CyrixInstead
[    0.000000]  Centaur CentaurHauls
[    0.000000]   Transmeta GenuineTMx86
[    0.000000]   ransmea TrnsmtaCP
[    .00000]  UMC MC UC UMC
[   0.00000]x86/pu: stateoffst[2]:  76, xstate_sizes[2]:  256
[    0.000000] x86/fpu: Supporting XSAVE feature 0x01: 'x87 floating point regiters
[   0.00000 x86fpu:Supportin XSAE feture0x02 'SS registers
[   0.00000 x86/fu: Supporting XSAVE feature 0x04: 'AVX registers'
[    0.000000 x86fpu: Enabled xsate eaturs 0x7,contxt sze is 32 bytes using stndard'formt.
[   0.0000] x86/fpu: Using  'lazy' FPU context switches.
[    0.000000] e820: BIO-provied pysica RAMmap:
    0.0000] BIOS-820: [em 00000000000000-0x000000000009fbff] usable
[    000000] BOS-e82: [mm 0x000000000009fc00-0x00000000000ffff] reserved
[    0.000000] BIOS-820:[mem0x000000000f000-0x000000000ffff]resered
[   0.00000] BOS-e20: mem x0000000000100000-0x000000003ffeffff] usable
[    0.000000] BIOS-e820: [mem 0x000000003fff0000-0x000000003fffffff] ACPI data
[    0.000000] BIOS-e820: [mem 0x00000000fec00000-0x00000000fec00fff] reserved
[   0.00000] BOS-e20: mem 0x0000000fe00000-x00000000fe00ff] rserved
[   0.00000 BIO-e82: [mem 000000000fffc00000-0x0000000ffffffff] reserved
[    0.000000] NX (Execute Disale) protecton: ctive
[    .00000] MBOS 25 prsent
[   0.00000] Hpervsor eteced: VM
[    0.00000] e820: last_pfn = 0x3fff0 max_arh_pf = 0100000
[   0.0000] MTR: Dsable
[   0.00000] 86/PT:MTRR disbled, skiping PAT initiialiation too.
[    0.000000] CPU MTRRs all blank - virtualized system.
[    0.000000] x86/PAT: Configuration [-7]: WB  WT UC- C  W  WT  C- UC  
[   0.000000] found SMP MP-table at [mem 0x0009fff00x0009ffff] mapped at c009fff0]
[    0.000000 Scanning 1 areas for low memory corruption
[    0.000000] RAMDISK: [mem 0x36a9e000-0x37546fff]
[    0.000000] ACPI: Early table checksum verifcatin diable
[   0.000000] ACPI: RSDP 0x00000000000E0000 00024 (02VBOX )
[   0.00000 ACP: XST 0x00000003FF0030 0000C (v1 VBX   BOXXDT 0000001ASL  00000061)
[    0.000000] ACPI: FACP 0x000000003FFF00F0 0000F4 (v04 VBOX   VBOXFACP 00000001 ASL  00000061)
[   0.00000]ACPI DSD 0x00000003FFF04700021FF(v02 BOX  VBOBIOS 000002 INTL2010528)
[   0.00000] ACPI: FACS 0x000000003FFF0200 000040
[   0.00000] ACPI FAC 0x0000003FF020000000
[   0.00000]ACPP API 0x0000003FF0240 00005C (v02 VBOX   VBOXAPIC 00000001 SL  000061)
[    0.000000] ACPI: SSDT 0x0000003FFF020 001CC v01 VOX  VBOXPUT 000002 ITL 210058)
[   0.00000] 131MB HIGHMEM avaiable.
[    0.000000] 891MB LOWMEM available.
[    0.000000]   mapped low ram: 0 - 37bfe000
[    0.000000]   low ram: 0 - 37bfe000
[    0.000000] kvm-clock: Using msrs 4b564d01 and 4b564d00
[    0.000000] kvm-clock: cpu 0, sr 0:37bfd001, primary cpu clock
[    0.000000] kvm-clock: using sched offset of 5058931791 cycles
[    0.000000] clocksource: kvm-clock: mask: 0xffffffffffffffff max_cycles: 0x1cd42e4dffb, max_idle_n: 8815059183 ns
    000000] Zne rnges
[   0.000000]  DM     [mem 0x0000000000100-0x000000000ffffff]
[    0.00000]   Normal   [mem 0x0000000001000000-0x0000000037bfdfff]
[   0.00000   HghMem [mem0x000000037bfe00-0x00000003fefff]
[   0.000000]Movale zne sart fo each node
[    0.000000] Early memory node ranges
[    0.000000]   node   0: [mem 0x0000000000001000-000000000009efff]
[    0.000000]   node   0: [mem 0x00000000100000-0x0000003ffefff
[   0.00000] nitme setp noe 0 [mem 000000000001000-x000000003ffeffff]
[    0.000000] Using APIC driver default
[    0.000000] ACPI: PM-Timer IO Port: 0x4008
[    0.000000] IOAPIC[0]: apic_id 2, version 32, addres 0xec0000, SI 023
[   0.0000] ACI: IT_SR_OVR (bus 0 bus_irq 0 global_rq 2 dl df)
[   0.0000] ACI: INT_SRC_OVR (bus 0 bus_irq 9 global_irq 9 low level)
[    0.000000] Using ACPI (MADT) for MP cnfigratin inormtion
[    000000] spboot:Alloing  CPU, 0 otplug CPUs
[   0.000000] PM: Registered nosave memory: [mem 0x0000000-0x00000fff]
[    00.000000] PM: Registered nosave memory: [mem 0x0009f000-0x0009ffff]
[    0.000000] PM: Registered nosave memory: [mem 0x000a0000-0x000effff]
    .00000] M: Rgistred osave mmmory [me 0x00f0000-0x000ffff
[   0.0000] e80: [mem x40000000-0xfebfffff] available for PCI devices
[    0.000000] Booting paravirtualized kernel on KVM
[    0.000000] clcksorce:refied-jffie: mask: 0xffffff mx_cyces: 0xfffffff,maxidle_ns:76451960211568 ns
[    0.000000] setup_percpu: NR_CPUS:8 nr_cpumask_bits:8 nr_cpu_ids:2 nr_node_ids:1
[    0.000000] PERCPU: Embedded 19 pages/cpu @f76b0000 s47436 r0 d30388 u77824
[    0.000000] PV qspinlock hash table enties:512 (order: , 406 byte)
[   0.0000] Bult 1zoneistsin Zne orer, obilty goupig on.  Total pages: 259800
[    0.000000] Kernel commandline: BOOT_IMAGE=/boot/vmlinuz-4.4.0-116-generic root=LABEL=cloudimg-rootfs ro console=tty1 console=ttyS0
[    0.000000] PID hash table entries: 4096 (order: 2, 16384 bytes)
[    0.000000] Dentry cche hash table ntris: 11072(ordr: 7 52488 byts)
[    0000000] Inode-cache hash table enries: 6556 (oder: 6 26244 btes)
[   0.00000] Iitiaizing CPU#
[    000000] nitilizig HighMem for node 0 (00037bfe:0003fff0)
[    0.000000] Initializing Movable for node 0 (00000000:00000000)
[    0.000000 Memoy: 101194K/148120Kavailble 8007 kerne cod, 78K wdat, 312K rdata 948 init,800 bss, 36176K reserved, 0Kcma-eserve, 135112K ighmem)
[   0.00000]virtal krnelmemoy layut:[    000000]     ixma  : 0fff15000 - 0xfffff000   ( 936 kB)
[    0.000000]     pkmap   : 0xffc00000 - 0xffe00000   (2048 kB)
[   .00000]    vmallc : xf83e000- 0xfbfe00  ( 12 MB)
[   0.00000]    lowmem  : 0xc0000000 - 0xf7bfe000   ( 891 MB)
[    0.000000]      .ini : 0c1bb200 - 0c1c9000  ( 98 kB)[   0.00000]     .daa : 0xc17d2134- 0xcbb070   3961 kB)
[    0.000000]       .text : xc100000 -0xc17d134  (808 kB
[    0.000000] Checking f thi processorhonors te WPbit ven insupervsormode...O.
[    0.000000] SLUB: HWalign=64, Order=0-3, MinObjects==0, CPUs=2, Nodes=1
[    0.00000] Hierarchical RCU implementation.
[    0.000000] 	Build-time adjustment of eaf fnout to 32
[   0.00000]	RCUrestictig CPs from R_CPUS=8 t nr_cp_ids=.
[   0.00000] CU: Adjusting geometry for rcu_fanout_leaf=32 nr_cpu_ids=2
[    0000000] NRIRQS2304nr_iqs:40 16
[   0.0000] Cosole: color VGA 80x25
[    0000000 conole [ty1] enabled
[    0.000000] console [ttyS0] enabled
[   0.00000]allocatd 108576 ytesofpage_et
[   0.000000] tsc: Detected 2394.456 MHz processor
[   40.722134] Calibrating delay loop (skipped) preset value.. 4788.91 BogoMIPS (lpj=9577824)
[   40.783231] pid_max: default: 32768 minimum: 301
[   40.865749] ACPI: Core revision 20150930
[   40.945621] ACPI: 2 ACPI AML tables successfully acquired and loaded
[   41.068806] Security Framework initialized
[   41.088080] Yama: becoming mindful.
[   41.115735] AppArmor: AppArmor initialized
[   41.122021] Mount-cache hash table entries: 2048 (order: 1, 8192 bytes)
[   41.159121] Mountpoint-cache hash table entries: 2048 (order: 1, 8192 bytes)
[   41.170282] Initializing cgroup subsys io
[   41.204227] Initializing cgroup subsys memory
[   41.228482] Initializing cgroup subsys devices
[   41.240368] Initializing cgroup subsys freezer
[   41.255265] Initializing cgroup subsys net_cls
[   41.318340] Initializing cgroup subsys perf_event
[   41.429905] Initializing cgroup subsys net_prio
[   41.517843] Initializing cgroup subsys hugetlb
[   41.617530] Initializing cgroup subsys pids
[   41.718502] CPU: Physical Processor ID: 0
[   41.799709] CPU: Processor Core ID: 0
[   41.895108] FEATURE SPEC_CTRL Not Present
[   41.993471] mce: CPU supports 0 MCE banks
[   42.090686] Last level iTLB entries: 4KB 64, 2MB 8, 4MB 8
[   42.230550] Last level dTLB entries: 4KB 64, 2MB 0, 4MB 0, 1GB 4
[   42.274848] Spectre V2 mitigation: Mitigation: Full generic retpoline
[   42.323858] Spectre V2 mitigation: Speculation control IBPB not-supported IBRS not-supported
[   42.359960] Freeing SMP alternatives memory: 28K
[   42.410829] ftrace: allocating 31457 entries in 62 pages
[   42.647650] smpboot: APIC(0) Converting physical 0 to logical package 0
[   42.703821] smpboot: Max logical packages: 1
[   42.774101] Enabling APIC mode:  Flat.  Using 1 I/O APICs
[   42.802119] ..TIMER: vector=0x30 apic1=0 pin1=2 apic2=-1 pin2=-1
[   43.056385] smpboot: CPU0: Intel(R) Core(TM) i7-5500U CPU @ 2.40GHz (family: 0x6, model: 0x3d, stepping: 0x4)
[   43.290471] Performance Events: unsupported p6 CPU model 61 no PMU driver, software events only.
[   43.482834] KVM setup paravirtual spinlock
[   43.545687] x86: Booting SMP configuration:
[   43.562319] .... node  #0, CPUs:      #1
[1266874884.650619] Initializing CPU#1
[   43.583443] kvm-clock: cpu 1, msr 0:37bfd041, secondary cpu clock
[   43.594448] mce: CPU supports 0 MCE banks
[   43.615815] x86: Booted up 1 node, 2 CPUs
[   43.625770] smpboot: Total of 2 processors activated (9577.82 BogoMIPS)
[   43.677794] devtmpfs: initialized
[   43.682321] evm: security.selinux
[   43.687077] evm: security.SMACK64
[   43.690643] evm: security.SMACK64EXEC
[   43.712143] evm: security.SMACK64TRANSMUTE
[   43.728307] evm: security.SMACK64MMAP
[   43.765357] evm: security.ima
[   43.776062] evm: security.capability
[   43.780032] clocksource: jiffies: mask: 0xffffffff max_cycles: 0xffffffff, max_idle_ns: 7645041785100000 ns
[   43.950283] futex hash table entries: 512 (order: 3, 32768 bytes)
[   44.105320] pinctrl core: initialized pinctrl subsystem
[   44.242786] RTC time: 11:08:06, date: 04/23/18
[   44.338638] NET: Registered protocol family 16
[   44.392763] EISA bus registered
[   44.435818] cpuidle: using governor ladder
[   44.487697] cpuidle: using governor menu
[   44.504129] PCCT header not found.
[   44.516133] ACPI: bus type PCI registered
[   44.526407] acpiphp: ACPI Hot Plug PCI Controller Driver version: 0.5
[   44.545856] PCI : PCI BIOS area is rw and x. Use pci=nobios if you want it NX.
[   44.572510] PCI: PCI BIOS revision 2.10 entry at 0xfda26, last bus=0
[   44.608146] PCI: Using configuration type 1 for base access
[   44.642523] ACPI: Added _OSI(Module Device)
[   44.682454] ACPI: Added _OSI(Processor Device)
[   44.710954] ACPI: Added _OSI(3.0 _SCP Extensions)
[   44.727139] ACPI: Added _OSI(Processor Aggregator Device)
[   44.739744] ACPI: Executed 1 blocks of module-level executable AML code
[   44.773361] ACPI: Interpreter enabled
[   44.778956] ACPI: (supports S0 S5)
[   44.783370] ACPI: Using IOAPIC for interrupt routing
[   44.836844] PCI: Using host bridge windows from ACPI; if necessary, use "pci=nocrs" and report a bug
[   44.869379] ACPI: PCI Root Bridge [PCI0] (domain 0000 [bus 00-ff])
[   44.880671] acpi PNP0A03:00: _OSC: OS supports [ASPM ClockPM Segments MSI]
[   44.899805] acpi PNP0A03:00: _OSC: not requesting OS control; OS requires [ExtendedConfig ASPM ClockPM MSI]
[   44.913753] acpi PNP0A03:00: fail to add MMCONFIG information, can't access extended PCI configuration space under this bridge.
[   44.949972] PCI host bridge to bus 0000:00
[   44.963378] pci_bus 0000:00: root bus resource [io  0x0000-0x0cf7 window]
[   44.998530] pci_bus 0000:00: root bus resource [io  0x0d00-0xffff window]
[   45.011033] pci_bus 0000:00: root bus resource [mem 0x000a0000-0x000bffff window]
[   45.036959] pci_bus 0000:00: root bus resource [mem 0x40000000-0xfdffffff window]
[   45.171221] pci_bus 0000:00: root bus resource [bus 00-ff]
[   45.303845] pci 0000:00:01.1: legacy IDE quirk: reg 0x10: [io  0x01f0-0x01f7]
[   45.432038] pci 0000:00:01.1: legacy IDE quirk: reg 0x14: [io  0x03f6]
[   45.589809] pci 0000:00:01.1: legacy IDE quirk: reg 0x18: [io  0x0170-0x0177]
[   45.774710] pci 0000:00:01.1: legacy IDE quirk: reg 0x1c: [io  0x0376]
[   45.869933] pci 0000:00:07.0: quirk: [io  0x4000-0x403f] claimed by PIIX4 ACPI
[   46.028736] pci 0000:00:07.0: quirk: [io  0x4100-0x410f] claimed by PIIX4 SMB
[   46.063266] ACPI: PCI Interrupt Link [LNKA] (IRQs 5 9 10 *11)
[   46.115187] ACPI: PCI Interrupt Link [LNKB] (IRQs 5 9 *10 11)
[   46.147350] ACPI: PCI Interrupt Link [LNKC] (IRQs 5 *9 10 11)
[   46.163763] ACPI: PCI Interrupt Link [LNKD] (IRQs 5 9 10 *11)
[   46.187011] ACPI: Enabled 2 GPEs in block 00 to 07
[   46.201759] vgaarb: setting as boot device: PCI:0000:00:02.0
[   46.220588] vgaarb: device added: PCI:0000:00:02.0,decodes=io+mem,owns=io+mem,locks=none
[   46.230807] vgaarb: loaded
[   46.242269] vgaarb: bridge control possible 0000:00:02.0
[   46.250662] SCSI subsystem initialized
[   46.260663] ACPI: bus type USB registered
[   46.306238] usbcore: registered new interface driver usbfs
[   46.350323] usbcore: registered new interface driver hub
[   46.475492] usbcore: registered new device driver usb
[   46.562531] PCI: Using ACPI for IRQ routing
[   46.644281] NetLabel: Initializing
[   46.717555] NetLabel:  domain hash size = 128
[   46.805620] NetLabel:  protocols = UNLABELED CIPSOv4
[   46.956254] NetLabel:  unlabeled traffic allowed by default
[   47.051959] amd_nb: Cannot enumerate AMD northbridges
[   47.128222] clocksource: Switched to clocksource kvm-clock
[   .202716] AppArmor: AppArmor Filesystem Enabled
[  4.331671] pnp: PnP ACPI init
[   47.496739] pnp: PnP ACPI:fond3 evces
[  47258]nPOSDiabedby ACPI PNP

[  4774935clksoceac_p mk:0xffff max_cycles: 0xffffff, max_idle_ns: 2085701024 ns
[   49.930802] NET: Registerd otolamy 

[   50.540] TC etablishe hash table entries: 8192 (order:3, 32768 bytes)

[   51.076170] TCP bind hash table entries: 8192 (order: 4, 65536 bytes)
[   51.082125] TCP: Hash tbls coigedesblhe8192bid 92
  52.226251] UDP hash table etres51(oer: , 1684yt)  5327489] DPit hh tae trs:12orer: 2, 1684byes
[   4.99282]ET: egted otolamily1[ 56731]ci00000.0:iming direct PCI/PCI transfers
[   57.137946] pci 0000:00:01.0:AcivinISDMha wrkarnd
[ 581664] packing inras..
[   65.943173] Freeing initrd memory: 10916K
[   66.012613] RAPL PMU detected, API unit is 2^-32 Joules, 4 fixed counters 10737418240 ms ovfl timer
[   66.078843] hw unit of domain pp0-core 2^-0 Joules
[   66.142194] hw unit of domain package 2^-0 Joules
[   66.202576] hw unit of domain dram 2^-0 Joules
[   66.250018] hw unit of domain pp1-gpu 2^-0 Joules
[   66.284042] platform rtc_cmos: registered platform RTC device (no PNP device found)
[   66.332782] Scanning for low memory corruption every 60 seconds
[   66.385554] audit: initializing netlink subsys (disabled)
[   66.483872] audit: type=2000 audit(1524481669.052:1): initialized
[   66.596922] Initialise system trusted keyring
[   66.647573] HugeTLB registered 2 MB page size, pre-allocated 0 pages
[   66.714997] zud loaded
[   6.3773 V: skuos uo6.6.0
[ 67.94806] tsc: Refined TSC clocksource calibration: 2395.035 MHz

[   68.174208] clocksource: tsc: mask: 0xffffffffffffffff max_cycles: 0x2285e568be1, max_idle_ns: 440795301492 ns
[   8.742]FSDqt-ch ha tlentes 124(ode0,09bys)
[   68.175743] squashfs: version 4.0 (2009/01/31) Phillip Lougher
[   68.177005] fuse init (API version 7.23)
[   68.177618] Key type big_key registered
[   68.177718] Allocating IMA MOK and blacklist keyrings.
[   68.178779] Key type asymmetric registered
[   68.178786] Asymmetric key parser 'x509' registered
[   68.178848] bounce: pool size: 64 pages
[   68.179040] Block layer SCSI generic (bsg) driver version 0.4 loaded (major 249)
[   68.179202] io scheduler noop registered
[   68.179211] io scheduler deadline registered (default)
[   68.179346] io scheduler cfq registered
[   68.179780] pci_hotplug: PCI Hot Plug PCI Core version: 0.5
[   68.179806] pciehp: PCI Express Hot Plug Controller Driver version: 0.4
[   68.180480] ACPI: AC Adapter [AC] (off-line)
[   68.180732] input: Power Button as /devices/LNXSYSTM:00/LNXPWRBN:00/input/input0
[   68.180742] ACPI: Power Button [PWRF]
[   68.181125] input: Sleep Button as /devices/LNXSYSTM:00/LNXSLPBN:00/input/input1
[   68.181133] ACPI: Sleep Button [SLPF]
[   68.185017] ACPI: Battery Slot [BAT0] (battery present)
[   68.185155] GHES: HEST is not enabled!
[   68.185524] Serial: 8250/16550 driver, 32 ports, IRQ sharing enabled
[   68.215735] 00:02: ttyS0 at I/O 0x3f8 (irq = 4, base_baud = 115200) is a 16550A
[   69.932232] isapnp: Scanning for PnP cards...
[   70.305288] isapnp: No Plug & Play device found
[   70.310994] Linux agpgart interface v0.103
[   70.414528] loop: module loaded
[   70.416935] scsi host0: ata_piix
[   70.417191] scsi host1: ata_piix
[   70.417348] ata1: PATA max UDMA/33 cmd 0x1f0 ctl 0x3f6 bmdma 0xd000 irq 14
[   70.417353] ata2: PATA max UDMA/33 cmd 0x170 ctl 0x376 bmdma 0xd008 irq 15
[   70.417706] libphy: Fixed MDIO Bus: probed
[   70.417715] tun: Universal TUN/TAP device driver, 1.6
[   70.417717] tun: (C) 1999-2004 Max Krasnyansky <maxk@qualcomm.com>
[   70.418697] PPP generic driver version 2.4.2
[   70.418906] ehci_hcd: USB 2.0 'Enhanced' Host Controller (EHCI) Driver
[   70.418918] ehci-pci: EHCI PCI platform driver
[   70.418955] ehci-platform: EHCI generic platform driver
[   70.418986] ohci_hcd: USB 1.1 'Open' Host Controller (OHCI) Driver
[   70.418995] ohci-pci: OHCI PCI platform driver
[   70.419031] ohci-platform: OHCI generic platform driver
[   70.419060] uhci_hcd: USB Universal Host Controller Interface driver
[   70.419270] i8042: PNP: PS/2 Controller [PNP0303:PS2K,PNP0f03:PS2M] at 0x60,0x64 irq 1,12
[   70.421121] serio: i8042 KBD port at 0x60,0x64 irq 1
[   70.421137] serio: i8042 AUX port at 0x60,0x64 irq 12
[   70.422424] mousedev: PS/2 mouse device common for all mice
[   70.423686] input: AT Translated Set 2 keyboard as /devices/platform/i8042/serio0/input/input2
[   70.425160] rtc_cmos rtc_cmos: rtc core: registered rtc_cmos as rtc0
[   70.425388] rtc_cmos rtc_cmos: alarms up to one day, 114 bytes nvram
[   70.425412] i2c /dev entries driver
[   70.425644] device-mapper: uevent: version 1.0.3
[   70.425868] device-mapper: ioctl: 4.34.0-ioctl (2015-10-28) initialised: dm-devel@redhat.com
[   70.425965] platform eisa.0: Probing EISA bus 0
[   70.425971] platform eisa.0: EISA: Cannot allocate resource for mainboard
[   70.425977] platform eisa.0: Cannot allocate resource for EISA slot 1
[   70.425983] platform eisa.0: Cannot allocate resource for EISA slot 2
[   70.425989] platform eisa.0: Cannot allocate resource for EISA slot 3
[   70.425994] platform eisa.0: Cannot allocate resource for EISA slot 4
[   70.425999] platform eisa.0: Cannot allocate resource for EISA slot 5
[   70.426005] platform eisa.0: Cannot allocate resource for EISA slot 6
[   70.426010] platform eisa.0: Cannot allocate resource for EISA slot 7
[   70.426016] platform eisa.0: Cannot allocate resource for EISA slot 8
[   70.426021] platform eisa.0: EISA: Detected 0 cards
[   70.426083] cpufreq-nforce2: No nForce2 chipset.
[   70.426111] ledtrig-cpu: registered to indicate activity on CPUs
[   70.427186] NET: Registered protocol family 10
[   70.427922] NET: Registered protocol family 17
[   70.428069] Key type dns_resolver registered
[   70.471063] microcode: CPU0 sig=0x306d4, pf=0x40, revision=0x0
[   70.471127] microcode: CPU1 sig=0x306d4, pf=0x40, revision=0x0
[   70.471285] microcode: Microcode Update Driver: v2.01 <tigran@aivazian.fsnet.co.uk>, Peter Oruba
[   70.471324] Using IPI No-Shortcut mode
[   70.471832] registered taskstats version 1
[   70.471880] Loading compiled-in X.509 certificates
[   70.483256] Loaded X.509 cert 'Build time autogenerated kernel key: ff54afc682e3d37ddd1801097f0724ac37994f02'
[   70.483340] zswap: loaded using pool lzo/zbud
[   70.489288] Key type trusted registered
[   70.500934] Key type encrypted registered
[   70.500960] AppArmor: AppArmor sha1 policy hashing enabled
[   70.500975] ima: No TPM chip found, activating TPM-bypass!
[   70.501051] evm: HMAC attrs: 0x1
[   70.501912]   Magic number: 14:944:125
[   70.501974] acpi device:00: hash matches
[   70.534101] rtc_cmos rtc_cmos: setting system clock to 2018-04-23 11:08:32 UTC (1524481712)
[   70.534504] BIOS EDD facility v0.16 2004-Jun-25, 0 devices found
[   70.534506] EDD information not available.
[   74.420382] Freeing unused kernel memory: 948K
[   74.429744] Write protecting the kernel text: 8012k
[   74.441266] Write protecting the kernel read-only data: 3176k
[   74.445574] NX-protecting the kernel data: 6324k
Loading, please wait...
starting version[   74.530390] random: systemd-udevd: uninitialized urandom read (16 bytes read, 6 bits of entropy available)
 229
[   74.532305] random: udevadm: uninitialized urandom read (16 bytes read, 6 bits of entropy available)
[   74.565936] random: udevadm: uninitialized urandom read (16 bytes read, 6 bits of entropy available)
[   74.566072] random: udevadm: uninitialized urandom read (16 bytes read, 6 bits of entropy available)
[   74.566523] random: udevadm: uninitialized urandom read (16 bytes read, 6 bits of entropy available)
[   74.566766] random: udevadm: uninitialized urandom read (16 bytes read, 6 bits of entropy available)
[   74.566941] random: udevadm: uninitialized urandom read (16 bytes read, 6 bits of entropy available)
[   74.567118] random: udevadm: uninitialized urandom read (16 bytes read, 6 bits of entropy available)
[   74.567288] random: udevadm: uninitialized urandom read (16 bytes read, 6 bits of entropy available)
[   74.567445] random: udevadm: uninitialized urandom read (16 bytes read, 6 bits of entropy available)
[   75.768995] e1000: Intel(R) PRO/1000 Network Driver - version 7.3.21-k8-NAPI
[   75.778832] e1000: Copyright (c) 1999-2006 Intel Corporation.
[   75.835891] Fusion MPT base driver 3.04.20
[   75.845897] Copyright (c) 1999-2008 LSI Corporation
[   76.054385] Fusion MPT SPI Host driver 3.04.20
[   76.082941] input: ImExPS/2 Generic Explorer Mouse as /devices/platform/i8042/serio1/input/input4
[   76.536757] e1000 0000:00:03.0 eth0: (PCI:33MHz:32-bit) 02:85:c2:61:be:ec
[   76.630966] e1000 0000:00:03.0 eth0: Intel(R) PRO/1000 Network Connection
[   76.752854] mptbase: ioc0: Initiating bringup
[   76.754725] e1000 0000:00:03.0 enp0s3: renamed from eth0
[   76.999860] ioc0: LSI53C1030 A0: Capabilities={Initiator}
[   78.651121] scsi host2: ioc0: LSI53C1030 A0, FwRev=00000000h, Ports=1, MaxQ=256, IRQ=20
[   78.930211] floppy0: no floppy controllers found
[   79.205666] scsi 2:0:0:0: Direct-Access     VBOX     HARDDISK         1.0  PQ: 0 ANSI: 5
[   79.259887] scsi target2:0:0: Beginning Domain Validation
[   79.269939] scsi target2:0:0: Domain Validation skipping write tests
[   79.285853] scsi target2:0:0: Ending Domain Validation
[   79.300827] scsi target2:0:0: asynchronous
[   79.312601] scsi 2:0:1:0: Direct-Access     VBOX     HARDDISK         1.0  PQ: 0 ANSI: 5
[   79.348526] scsi target2:0:1: Beginning Domain Validation
[   79.366472] scsi target2:0:1: Domain Validation skipping write tests
[   79.382767] scsi target2:0:1: Ending Domain Validation
[   79.387408] scsi target2:0:1: asynchronous
[   79.422122] sd 2:0:0:0: Attached scsi generic sg0 type 0
[   79.442380] sd 2:0:0:0: [sda] 20971520 512-byte logical blocks: (10.7 GB/10.0 GiB)
[   79.453752] sd 2:0:0:0: [sda] Write Protect is off
[   79.482528] sd 2:0:1:0: [sdb] 20480 512-byte logical blocks: (10.5 MB/10.0 MiB)
[   79.482786] sd 2:0:1:0: Attached scsi generic sg1 type 0
[   79.510169] sd 2:0:0:0: [sda] Incomplete mode parameter data
[   79.510321] sd 2:0:1:0: [sdb] Write Protect is off
[   79.510698] sd 2:0:1:0: [sdb] Incomplete mode parameter data
[   79.510703] sd 2:0:1:0: [sdb] Assuming drive cache: write through
[   79.617109] sd 2:0:0:0: [sda] Assuming drive cache: write through
[   79.724075]  sda: sda1
[   79.727530] sd 2:0:1:0: [sdb] Attached SCSI disk
[   79.833368] sd 2:0:0:0: [sda] Attached SCSI disk
Begin: Loading essential drivers[   82.452517] md: linear personality registered for level -1
 ... [   82.593276] md: multipath personality registered for level -4
[   82.719402] md: raid0 personality registered for level 0
[   82.855194] md: raid1 personality registered for level 1
[   83.076487] raid6: mmxx1    gen()  1403 MB/s
[   83.229361] raid6: mmxx2    gen()  1308 MB/s
[   83.300420] raid6: sse1x1   gen()   631 MB/s
[   83.380576] raid6: sse1x2   gen()   974 MB/s
[   83.460726] raid6: sse2x1   gen()  2248 MB/s
[   83.608431] raid6: sse2x1   xor()  1804 MB/s
[   83.788260] raid6: sse2x2   gen()  3001 MB/s
[   83.928949] raid6: sse2x2   xor()  1817 MB/s
[   84.084506] raid6: avx2x1   gen()  4429 MB/s
[   84.168533] raid6: avx2x2   gen()  5023 MB/s
[   84.247195] raid6: using algorithm avx2x2 gen() 5023 MB/s
[   84.290061] raid6: using avx2x1 recovery algorithm
[   84.322809] xor: automatically using best checksumming function:
[   84.396302]    avx       :  5218.000 MB/sec
[   84.420243] async_tx: api initialized (async)
[   84.507394] md: raid6 personality registered for level 6
[   84.511674] md: raid5 personality registered for level 5
[   84.530916] md: raid4 personality registered for level 4
[   84.592897] md: raid10 personality registered for level 10
done.
Begin: Running /scripts/init-premount ... done.
Begin: Mounting root file system ... Begin: Running /scripts/local-top ... done.
Begin: Running /scripts/local-premount ... [   84.780594] Btrfs loaded
Scanning for Btrfs filesystems
done.
Warning: fsck not present, so skipping root file[   84.976338] EXT4-fs (sda1): mounted filesystem with ordered data mode. Opts: (null)
 system
done.
Begin: Running /scripts/local-bottom ... done.
Begin: Running /scripts/init-bottom ... [   87.111357] random: nonblocking pool is initialized
done.
[   88834623] systemd[1]: systemd 229 runnig in sysemmoe.+PM AUDT +SINX +IMA +APPARMOR +MAK +SYSVINIT +UTMP +LIBCRYPTSETUP +GCRYPT +GNUTLS +ACL +XZ -LZ4 +SECCOMP +BLKID +ELFUTILS +KMOD ID
[   90.112] sstmd1]: Deteted virtualization oracle.
[   90.625531] systemd[1]: Detected archiecture x86.

Welcome to [1mUbuntu 16.04.4 LTS[0m!

[   91.690575] systemd[1]: Set hostname to<uuntu-xenial>.
[   94.98523]systemd[1]: Listening on LVM2 metadata daemon socket.

[[0;32m  OK  [0m] Listening on LVM2 metadata daemon socket.
[   5.198758] systemd[1]: Listening on Journal Scket (/dev/log).

[[0;32m  OK  [0m] Listening on Journal Socket (/dev/log).
[   5.4541] systemd[1]: Started Forward Password Requests to Wall Directory Watch.
[[0;32m  OK  [0m] Started Forward Password Requests to Wall Directory Watch.
[  95.817432] systemd1]: Litein o LM2pol daemon socket.

[[0;32m  OK  [0m] Listening on LVM2 poll daemon socket.
[  9.46853] systemd[1]: Started Trigger resolvconf update for networkd DNS.

[[0;32m  OK  [0m] Started Trigger resolvconf update for networkd DNS.
[   96.739995] systemd[1]: Set up automount Arbitra EecutleilFoatFi SstemAutomontPont.
[[0;32m  OK  [0m] Set up automount Arbitrary Executab...ats File System Automount Point.
[  99883systd[]: Lisenin oSyslg Socket.
[[0;32m  OK  [0m] Listening on Syslog Socket.
[   9.15933]ysted[: ache tget st Te ynchronized.

[[0;32m  OK  [0m] Reached target System Time Synchronized.
[  1003828 sytemd1]Listinondeinct Compatibility Named Pipe.

[[0;32m  OK  [0m] Listening on /dev/initctl Compatibility Named Pipe.
[  101.512] sysem1] Rchd rgt Usr and Group Name Lookups.
[[0;32m  OK  [0m] Reached target User and Group Name Lookups.
[  102.685393] systemd[1]: Listening n Jounal Socket.

[[0;32m  OK  [0m] Listening on Journal Socket.
[  102227] sysmd1]: sting n Jorn Audit Scket.

[[0;32m  OK  [0m] Listening on Journal Audit Socket.
[  104.045371] systemd[1]: Listening on Device-mapper vent daemon FIFOs.

[[0;32m  OK  [0m] Listening on Device-mapper event daemon FIFOs.
[ 10.18612] ysmd1]: Ceateslce Sysemli.

[[0;32m  OK  [0m] Created slice System Slice.
[  105.341592] systemd[1]: Starting Load Kernel Modules...
         Starting Load Kernel Modules...
[  105.458229] Loading iSCSI transport class v2.0-870.
[  105.477281] systemd[1]: Starting Set console keymap...
         Starting Set console keymap...
[  105.520724] systemd[1]: Starting Nameserver information manager...
         Starting Nameserver information manager...
[ 105.620938] systemd[1]: Starting Journal Service...
         Starting Journal Service...
[  105.769170] systemd[1]: Mounting Huge Pages File System...
         Mounting Huge Pages File System...
[  105.808208] systemd[1]: Starting Uncomplicated firewall...
[  105.818197] iscsi: registered tansport (tcp)

         Starting Uncomplicated firewall...
[  105.949328] systemd[1]: Starting Monitoring of LVM2 mirrors, snapshots etc. using dmeventd or progress polling...
         Starting Monitoring of LVM2 mirrors... dmeventd or progress polling...
[  106.008836] systemd[1]: Mounting POSIX Message Queue File System...
         Mounting POSIX Message Queue File System...
[  106.081186] systemd[1]: Created slice system-serial\x2dgetty.slice.
[[0;32m  OK  [0m] Created slice system-serial\x2dgetty.slice.
[  106.172891] systemd[1]: Mounting Debug File System...
         Mounting Debug File System...
[  106.236645] systemd[1]: Starting Create list of required static device nodes for the current kernel...
         Starting Create list of required st... nodes for the current kernel...
[  106.345171] systemd[1]: Reached target Swap.
[[0;32m  OK  [0m] Reached target Swap.
[  106.404960] systemd[1]: Listening on udev Control Socket.
[[0;32m  OK  [0m] Listening on udev Control Socket.
[  106.462444] systemd[1]: Created slice User and Session Slice.
[[0;32m  OK  [0m] Created slice User and Session Slice.
[  106.521978] systemd[1]: Reached target Slices.
[[0;32m  OK  [0m] Reached target Slices.
[  106.554060] iscsi: registered transport (iser)
[  106.554202] systemd[1]: Listening on udev Kernel Socket.
[[0;32m  OK  [0m] Listening on udev Kernel Socket.
[  106.660942] systemd[1]: Reached target Encrypted Volumes.
[[0;32m  OK  [0m] Reached target Encrypted Volumes.
[  106.731517] systemd[1]: Starting Remount Root and Kernel File Systems...
         Starting Remount Root and Kernel File Systems...
[  106.814477] EXT4-fs (sda1): re-mounted. Opts: (null)
[  106.820509] systemd[1]: Mounted POSIX Message Queue File System.
[[0;32m  OK  [0m] Mounted POSIX Message Queue File System.
[  106.900897] systemd[1]: Mounted Huge Pages File System.
[[0;32m  OK  [0m] Mounted Huge Pages File System.
[  106.979376] systemd[1]: Mounted Debug File System.
[[0;32m  OK  [0m] Mounted Debug File System.
[  107.007045] systemd[1]: Started Journal Service.
[[0;32m  OK  [0m] Started Journal Service.
[[0;32m  OK  [0m] Started Load Kernel Modules.
[[0;32m  OK  [0m] Started Set console keymap.
[[0;32m  OK  [0m] Started Uncomplicated firewall.
[[0;32m  OK  [0m] Started Create list of required sta...ce nodes for the current kernel.
[[0;32m  OK  [0m] Started Remount Root and Kernel File Systems.
[[0;32m  OK  [0m] Started Nameserver information manager.
[[0;32m  OK  [0m] Started LVM2 metadata daemon.
         Starting Initial cloud-init job (pre-networking)...
         Starting udev Coldplug all Devices...
         Starting Load/Save Random Seed...
         Starting Create Static Device Nodes in /dev...
         Mounting FUSE Control File System...
         Starting Apply Kernel Variables...
         Starting Flush Journal to Persistent Storage...
[[0;32m  OK  [0m] Mounted FUSE Control File System.
[[0;32m  OK  [0m] Started Load/Save Random Seed.
[[0;32m  OK  [0m] Started Apply Kernel Variables.
[[0;32m  OK  [0m] Started Monitoring of LVM2 mirrors,...ng dmeventd or progress polling.
[[0;32m  OK  [0m] Started Create Static Device Nodes in /dev.
[[0;32m  OK  [0m] Started udev Coldplug all Devices.
[[0;32m  OK  [0m] Started Flush Journal to Persistent Storage.
         Starting udev Kernel Device Manager...
[[0;32m  OK  [0m] Started udev Kernel Device Manager.
[[0;32m  OK  [0m] Reached target Local File Systems (Pre).
[[0;32m  OK  [0m] Reached target Local File Systems.
         Starting Set console font and keymap...
         Starting Tell Plymouth To Write Out Runtime Data...
         Starting LSB: AppArmor initialization...
         Starting Create Volatile Files and Directories...
[[0;32m  OK  [0m] Started Dispatch Password Requests to Console Directory Watch.
[[0;32m  OK  [0m] Started Tell Plymouth To Write Out Runtime Data.
[[0;32m  OK  [0m] Started Create Volatile Files and Directories.
[[0;32m  OK  [0m] Found device /dev/ttyS0.
         Starting Update UTMP about System Boot/Shutdown...
[[0;32m  OK  [0m] Started Update UTMP about System Boot/Shutdown.
[[0;32m  OK  [0m] Found device 82540EM Gigabit Ethern...r (PRO/1000 MT Desktop Adapter).
[[0;32m  OK  [0m] Started Set console font and keymap.
[[0;32m  OK  [0m] Created slice system-getty.slice.
[[0;32m  OK  [0m] Listening on Load/Save RF Kill Switch Status /dev/rfkill Watch.
[[0;32m  OK  [0m] Started LSB: AppArmor initialization.
[   70.126804] cloud-init[435]: Cloud-init v. 17.2 running 'init-local' at Mon, 23 Apr 2018 11:09:16 +0000. Up 68.58 seconds.
[[0;32m  OK  [0m] Started Initial cloud-init job (pre-networking).
[[0;32m  OK  [0m] Reached target Network (Pre).
         Starting Raise network interfaces...
[[0;32m  OK  [0m] Started ifup for enp0s3.
[[0;32m  OK  [0m] Started Raise network interfaces.
         Starting Initial cloud-init job (metadata service crawler)...
[[0;32m  OK  [0m] Reached target Network.
[   73.831196] cloud-init[974]: Cloud-init v. 17.2 running 'init' at Mon, 23 Apr 2018 11:09:20 +0000. Up 72.21 seconds.
[   73.918037] cloud-init[974]: ci-info: +++++++++++++++++++++++++++++++++++++Net device info++++++++++++++++++++++++++++++++++++++
[[0;32m  OK  [0m] Started Initial cloud-init job (metadata service crawler).
[   74.059665] cloud-init[974]: ci-info: +--------+------+----------------------------+---------------+-------+-------------------+
[   74.292838] cloud-init[974]: ci-info: | Device |  Up  |          Address           |      Mask     | Scope |     Hw-Address    |
[   74.387057] cloud-init[974]: ci-info: +--------+------+----------------------------+---------------+-------+-------------------+
[   74.449620] cloud-init[974]: ci-info: | enp0s3 | True |         10.0.2.15          | 255.255.255.0 |   .   | 02:85:c2:61:be:ec |
[[0;32m  OK  [0m] Reached target Network is Online.
[   74.529221] cloud-init[974]: ci-info: | enp0s3 | True | fe80::85:c2ff:fe61:beec/64 |       .       |  link | 02:85:c2:61:be:ec |
[   74.605055] cloud-init[974]: ci-info: |   lo   | True |         127.0.0.1          |   255.0.0.0   |   .   |         .         |
[   74.685185] cloud-init[974]: ci-info: |   lo   | True |          ::1/128           |       .       |  host |         .         |
[   74.828932] cloud-init[974]: ci-info: +--------+------+----------------------------+---------------+-------+-------------------+
[   74.981552] cloud-init[974]: ci-info: +++++++++++++++++++++++++++Route IPv4 info++++++++++++++++++++++++++++
         Starting iSCSI initiator daemon (iscsid)...
[[0;32m  OK  [0m] Reached target System Initialization.
[   75.121810] cloud-init[974]: ci-info: +-------+-------------+----------+---------------+-----------+-------+
[   75.366618] cloud-init[974]: ci-info: | Route | Destination | Gateway  |    Genmask    | Interface | Flags |
[[0;32m  OK  [0m] Started Daily Cleanup of Temporary Directories.
[   75.495204] cloud-init[974]: ci-info: +-------+-------------+----------+---------------+-----------+-------+
[   75.652816] cloud-init[974]: ci-info: |   0   |   0.0.0.0   | 10.0.2.2 |    0.0.0.0    |   enp0s3  |   UG  |
[   75.709902] cloud-init[974]: ci-info: |   1   |   10.0.2.0  | 0.0.0.0  | 255.255.255.0 |   enp0s3  |   U   |
[   75.732949] cloud-init[974]: ci-info: +-------+-------------+----------+---------------+-----------+-------+
[[0;32m  OK  [0m] Started Daily apt download activities.
[[0;32m  OK  [0m] Started Daily apt upgrade and clean activities.
[[0;32m  OK  [0m] Started Timer to automatically refresh installed snaps.
         Starting Socket activation for snappy daemon.
[[0;32m  OK  [0m] Listening on D-Bus System Message Bus Socket.
[[0;32m  OK  [0m] Listening on ACPID Listen Socket.
[[0;32m  OK  [0m] Started ACPI Events Check.
[[0;32m  OK  [0m] Reached target Paths.
[[0;32m  OK  [0m] Reached target Timers.
[[0;32m  OK  [0m] Listening on UUID daemon activation socket.
         Starting LXD - unix socket.
[[0;32m  OK  [0m] Reached target Cloud-config availability.
[[0;32m  OK  [0m] Listening on Socket activation for snappy daemon.
[[0;32m  OK  [0m] Listening on LXD - unix socket.
[[0;32m  OK  [0m] Started iSCSI initiator daemon (iscsid).
         Starting Login to default iSCSI targets...
[[0;32m  OK  [0m] Reached target Sockets.
[[0;32m  OK  [0m] Reached target Basic System.
[[0;32m  OK  [0m] Started Unattended Upgrades Shutdown.
         Starting Apply the settings specified in cloud-config...
         Starting /etc/rc.local Compatibility...
         Starting LSB: Record successful boot for GRUB...
         Starting LSB: MD monitoring daemon...
         Starting MySQL Community Server...
[[0;32m  OK  [0m] Started D-Bus System Message Bus.
         Starting OpenBSD Secure Shell server...
         Starting LXD - container startup/shutdown...
         Starting System Logging Service...
[[0;32m  OK  [0m] Started Deferred execution scheduler.
[[0;32m  OK  [0m] Started Regular background program processing daemon.
         Starting Accounts Service...
         Starting vboxadd.service...
[[0;32m  OK  [0m] Started FUSE filesystem for LXC.
[[0;32m  OK  [0m] Started ACPI event daemon.
         Starting Login Service...
         Starting Snappy daemon...
[[0;32m  OK  [0m] Started /etc/rc.local Compatibility.
[[0;32m  OK  [0m] Started System Logging Service.
[[0;32m  OK  [0m] Started Login to default iSCSI targets.
[[0;32m  OK  [0m] Started LSB: Record successful boot for GRUB.
[[0;32m  OK  [0m] Started OpenBSD Secure Shell server.
[[0;32m  OK  [0m] Started LSB: MD monitoring daemon.
[[0;32m  OK  [0m] Reached target Remote File Systems (Pre).
[[0;32m  OK  [0m] Reached target Remote File Systems.
         Starting LSB: automatic crash report generation...
         Starting Permit User Sessions...
         Starting LSB: Set the CPU Frequency Scaling governor to "ondemand"...
         Starting LSB: daemon to balance interrupts for SMP systems...
[[0;32m  OK  [0m] Started Permit User Sessions.
[[0;32m  OK  [0m] Started Login Service.
[[0;32m  OK  [0m] Started LSB: Set the CPU Frequency Scaling governor to "ondemand".
[[0;32m  OK  [0m] Started vboxadd.service.
         Starting vboxadd-service.service...
         Starting Hold until boot process finishes up...
         Starting Terminate Plymouth Boot Screen...
[[0;32m  OK  [0m] Started Hold until boot process finishes up.
[[0;32m  OK  [0m] Started Terminate Plymouth Boot Screen.
         Starting Set console scheme...
[[0;32m  OK  [0m] Started Getty on tty1.
[[0;32m  OK  [0m] Started Serial Getty on ttyS0.
[[0;32m  OK  [0m] Reached target Login Prompts.
[[0;32m  OK  [0m] Started Set console scheme.
[[0;32m  OK  [0m] Started LSB: daemon to balance interrupts for SMP systems.
[[0;32m  OK  [0m] Started LSB: automatic crash report generation.
[   80.370593] cloud-init[1035]: Cloud-init v. 17.2 running 'modules:config' at Mon, 23 Apr 2018 11:09:27 +0000. Up 78.80 seconds.
[[0;32m  OK  [0m] Started Apply the settings specified in cloud-config.
[[0;32m  OK  [0m] Started vboxadd-service.service.
         Starting Authenticate and Authorize Users to Run Privileged Tasks...
[[0;32m  OK  [0m] Created slice User Slice of vagrant.
         Starting User Manager for UID 1000...
[[0;32m  OK  [0m] Started Session 1 of user vagrant.
[[0;32m  OK  [0m] Started Authenticate and Authorize Users to Run Privileged Tasks.
[[0;32m  OK  [0m] Started Accounts Service.
[[0;32m  OK  [0m] Started User Manager for UID 1000.
[[0;32m  OK  [0m] Started Snappy daemon.
[[0;32m  OK  [0m] Started LXD - container startup/shutdown.

Ubuntu 16.04.4 LTS ubuntu-xenial ttyS0

ubuntu-xenial login: [   92.066650] cloud-init[1600]: Cloud-init v. 17.2 running 'modules:final' at Mon, 23 Apr 2018 11:09:39 +0000. Up 91.44 seconds.
[   92.067378] cloud-init[1600]: Cloud-init v. 17.2 finished at Mon, 23 Apr 2018 11:09:40 +0000. Datasource DataSourceNoCloud [seed=/dev/sdb][dsmode=net].  Up 92.04 seconds
